<?xml version="1.0" encoding="utf-8"?><testsuites name="pytest tests"><testsuite name="pytest" errors="0" failures="0" skipped="0" tests="8" time="74.681" timestamp="2026-03-22T05:03:52.735835+00:00" hostname="agent-env-b9a80e95-fc39-49c3-b81e-44f305b1f29f"><testcase classname="backend.tests.test_adjustment_loop.TestAdjustmentLoopFeature" name="test_adjust_takes_single_adjustment" time="7.332" /><testcase classname="backend.tests.test_adjustment_loop.TestAdjustmentLoopFeature" name="test_adjust_takes_stacking_adjustments" time="9.698" /><testcase classname="backend.tests.test_adjustment_loop.TestAdjustmentLoopFeature" name="test_adjust_takes_all_adjustment_types" time="12.348" /><testcase classname="backend.tests.test_adjustment_loop.TestAdjustmentLoopFeature" name="test_adjust_takes_empty_adjustments_returns_400" time="0.047" /><testcase classname="backend.tests.test_adjustment_loop.TestAdjustmentLoopFeature" name="test_adjust_takes_invalid_id_returns_404" time="0.043" /><testcase classname="backend.tests.test_adjustment_loop.TestAdjustmentLoopFeature" name="test_adjustment_history_persists" time="29.381" /><testcase classname="backend.tests.test_adjustment_loop.TestRegenerateTakesRegression" name="test_regenerate_takes_still_works" time="15.551" /><testcase classname="backend.tests.test_adjustment_loop.TestBreakdownActingTakesStructure" name="test_breakdown_has_acting_takes_tabs" time="0.189" /></testsuite></testsuites>