<?xml version="1.0" encoding="utf-8"?><testsuites name="pytest tests"><testsuite name="pytest" errors="0" failures="0" skipped="0" tests="8" time="3.041" timestamp="2026-04-21T03:37:06.728853+00:00" hostname="agent-env-b9a80e95-fc39-49c3-b81e-44f305b1f29f"><testcase classname="backend.tests.test_character_detection" name="test_detect_characters_basic" time="0.742" /><testcase classname="backend.tests.test_character_detection" name="test_detect_characters_normalizes_variants" time="0.147" /><testcase classname="backend.tests.test_character_detection" name="test_detect_characters_excludes_scene_headings" time="0.109" /><testcase classname="backend.tests.test_character_detection" name="test_detect_characters_ranked_by_frequency" time="0.109" /><testcase classname="backend.tests.test_character_detection" name="test_detect_characters_no_confirmed_returns_400" time="0.416" /><testcase classname="backend.tests.test_character_detection" name="test_detect_characters_unknown_project_returns_404" time="0.137" /><testcase classname="backend.tests.test_character_detection" name="test_put_project_persists_selected_character" time="0.247" /><testcase classname="backend.tests.test_character_detection" name="test_multi_doc_aggregation" time="1.012" /></testsuite></testsuites>