<?xml version="1.0" encoding="utf-8"?><testsuites name="pytest tests"><testsuite name="pytest" errors="0" failures="0" skipped="0" tests="8" time="2.782" timestamp="2026-04-20T17:42:12.333245+00:00" hostname="agent-env-b9a80e95-fc39-49c3-b81e-44f305b1f29f"><testcase classname="backend.tests.test_character_detection" name="test_detect_characters_basic" time="0.624" /><testcase classname="backend.tests.test_character_detection" name="test_detect_characters_normalizes_variants" time="0.132" /><testcase classname="backend.tests.test_character_detection" name="test_detect_characters_excludes_scene_headings" time="0.138" /><testcase classname="backend.tests.test_character_detection" name="test_detect_characters_ranked_by_frequency" time="0.140" /><testcase classname="backend.tests.test_character_detection" name="test_detect_characters_no_confirmed_returns_400" time="0.343" /><testcase classname="backend.tests.test_character_detection" name="test_detect_characters_unknown_project_returns_404" time="0.159" /><testcase classname="backend.tests.test_character_detection" name="test_put_project_persists_selected_character" time="0.220" /><testcase classname="backend.tests.test_character_detection" name="test_multi_doc_aggregation" time="0.967" /></testsuite></testsuites>