<?xml version="1.0" encoding="utf-8"?><testsuites name="pytest tests"><testsuite name="pytest" errors="0" failures="0" skipped="0" tests="10" time="23.223" timestamp="2026-04-22T01:22:49.403084+00:00" hostname="agent-env-b9a80e95-fc39-49c3-b81e-44f305b1f29f"><testcase classname="backend.tests.test_content_type_detection.TestDetectContentType" name="test_detect_breakdown" time="0.636" /><testcase classname="backend.tests.test_content_type_detection.TestDetectContentType" name="test_detect_script" time="0.525" /><testcase classname="backend.tests.test_content_type_detection.TestDetectContentType" name="test_detect_monologue_is_breakdown" time="0.492" /><testcase classname="backend.tests.test_content_type_detection.TestDetectContentType" name="test_detect_persists_on_project" time="0.113" /><testcase classname="backend.tests.test_content_type_detection.TestDetectContentType" name="test_detect_404_unknown_project" time="0.131" /><testcase classname="backend.tests.test_content_type_detection.TestExtractBreakdown" name="test_extract_returns_labeled_sections" time="0.113" /><testcase classname="backend.tests.test_content_type_detection.TestExtractBreakdown" name="test_extract_404" time="0.122" /><testcase classname="backend.tests.test_content_type_detection.TestQuickCoachPromptRouting" name="test_breakdown_coach_runs_with_breakdown_prompt" time="9.133" /><testcase classname="backend.tests.test_content_type_detection.TestQuickCoachPromptRouting" name="test_script_coach_runs_with_script_prompt" time="11.337" /><testcase classname="backend.tests.test_content_type_detection.TestDetectionEdgeCases" name="test_all_caps_section_headers_not_confused_for_speakers" time="0.469" /></testsuite></testsuites>