<?xml version="1.0" encoding="utf-8"?><testsuites name="pytest tests"><testsuite name="pytest" errors="0" failures="0" skipped="0" tests="10" time="79.003" timestamp="2026-03-22T15:32:24.773192+00:00" hostname="agent-env-b9a80e95-fc39-49c3-b81e-44f305b1f29f"><testcase classname="backend.tests.test_cost_optimization.TestDebugPipeline" name="test_debug_pipeline_has_gpt_ready_not_gpt_call" time="0.276" /><testcase classname="backend.tests.test_cost_optimization.TestDebugPipeline" name="test_debug_pipeline_has_cache_stats" time="0.139" /><testcase classname="backend.tests.test_cost_optimization.TestCheckCacheEndpoint" name="test_check_cache_new_text_quick_mode" time="0.096" /><testcase classname="backend.tests.test_cost_optimization.TestCheckCacheEndpoint" name="test_check_cache_new_text_deep_mode" time="0.184" /><testcase classname="backend.tests.test_cost_optimization.TestCheckCacheBatchEndpoint" name="test_check_cache_batch_multiple_scenes" time="0.118" /><testcase classname="backend.tests.test_cost_optimization.TestCheckCacheBatchEndpoint" name="test_check_cache_batch_deep_mode" time="0.158" /><testcase classname="backend.tests.test_cost_optimization.TestAnalyzeTextCaching" name="test_analyze_text_caches_and_returns_from_cache" time="14.193" /><testcase classname="backend.tests.test_cost_optimization.TestAnalyzeSceneCaching" name="test_analyze_scene_caches_and_returns_from_cache" time="14.427" /><testcase classname="backend.tests.test_cost_optimization.TestSceneTextHardCap" name="test_analyze_text_hard_cap" time="23.510" /><testcase classname="backend.tests.test_cost_optimization.TestSceneTextHardCap" name="test_analyze_scene_hard_cap" time="25.751" /></testsuite></testsuites>