<?xml version="1.0" encoding="utf-8"?><testsuites name="pytest tests"><testsuite name="pytest" errors="0" failures="1" skipped="0" tests="10" time="30.663" timestamp="2026-03-22T15:58:05.874778+00:00" hostname="agent-env-b9a80e95-fc39-49c3-b81e-44f305b1f29f"><testcase classname="backend.tests.test_cost_optimization.TestDebugPipeline" name="test_debug_pipeline_has_gpt_ready_not_gpt_call" time="0.149" /><testcase classname="backend.tests.test_cost_optimization.TestDebugPipeline" name="test_debug_pipeline_has_cache_stats" time="0.117" /><testcase classname="backend.tests.test_cost_optimization.TestCheckCacheEndpoint" name="test_check_cache_new_text_quick_mode" time="0.114" /><testcase classname="backend.tests.test_cost_optimization.TestCheckCacheEndpoint" name="test_check_cache_new_text_deep_mode" time="0.113" /><testcase classname="backend.tests.test_cost_optimization.TestCheckCacheBatchEndpoint" name="test_check_cache_batch_multiple_scenes" time="0.091" /><testcase classname="backend.tests.test_cost_optimization.TestCheckCacheBatchEndpoint" name="test_check_cache_batch_deep_mode" time="0.101" /><testcase classname="backend.tests.test_cost_optimization.TestAnalyzeTextCaching" name="test_analyze_text_caches_and_returns_from_cache" time="11.193"><failure message="AssertionError: Second call should have from_cache=true, got False&#10;assert False == True">backend/tests/test_cost_optimization.py:188: in test_analyze_text_caches_and_returns_from_cache
    assert from_cache_2 == True, f"Second call should have from_cache=true, got {from_cache_2}"
E   AssertionError: Second call should have from_cache=true, got False
E   assert False == True</failure></testcase><testcase classname="backend.tests.test_cost_optimization.TestAnalyzeSceneCaching" name="test_analyze_scene_caches_and_returns_from_cache" time="18.333" /><testcase classname="backend.tests.test_cost_optimization.TestSceneTextHardCap" name="test_analyze_text_hard_cap" time="0.115" /><testcase classname="backend.tests.test_cost_optimization.TestSceneTextHardCap" name="test_analyze_scene_hard_cap" time="0.266" /></testsuite></testsuites>