<?xml version="1.0" encoding="utf-8"?><testsuites name="pytest tests"><testsuite name="pytest" errors="0" failures="0" skipped="0" tests="13" time="21.588" timestamp="2026-03-23T12:43:46.647875+00:00" hostname="agent-env-b9a80e95-fc39-49c3-b81e-44f305b1f29f"><testcase classname="backend.tests.test_deterministic_lines.TestDeterministicLineExtraction" name="test_api_root_accessible" time="0.169" /><testcase classname="backend.tests.test_deterministic_lines.TestDeterministicLineExtraction" name="test_parse_lines_basic" time="0.106" /><testcase classname="backend.tests.test_deterministic_lines.TestDeterministicLineExtraction" name="test_parse_lines_with_vo" time="0.098" /><testcase classname="backend.tests.test_deterministic_lines.TestDeterministicLineExtraction" name="test_parse_lines_with_contd" time="0.111" /><testcase classname="backend.tests.test_deterministic_lines.TestDeterministicLineExtraction" name="test_parse_lines_multiple_consecutive" time="0.097" /><testcase classname="backend.tests.test_deterministic_lines.TestDeterministicLineExtraction" name="test_parse_lines_chunked_lines" time="0.138" /><testcase classname="backend.tests.test_deterministic_lines.TestDeterministicLineExtraction" name="test_parse_lines_empty_text" time="0.108" /><testcase classname="backend.tests.test_deterministic_lines.TestDeterministicLineExtraction" name="test_parse_lines_character_not_found" time="0.112" /><testcase classname="backend.tests.test_deterministic_lines.TestDeterministicLineExtraction" name="test_parse_lines_case_insensitive" time="0.109" /><testcase classname="backend.tests.test_deterministic_lines.TestDeterministicLineExtraction" name="test_parse_lines_with_parentheticals_in_dialogue" time="0.159" /><testcase classname="backend.tests.test_deterministic_lines.TestDeterministicLineExtraction" name="test_parse_lines_skips_scene_headings" time="0.107" /><testcase classname="backend.tests.test_deterministic_lines.TestAnalyzeSceneDeterministicOverride" name="test_analyze_text_has_deterministic_memorization" time="20.024" /><testcase classname="backend.tests.test_deterministic_lines.TestParseLinesResponseFormat" name="test_response_structure" time="0.120" /></testsuite></testsuites>