<?xml version="1.0" encoding="utf-8"?><testsuites name="pytest tests"><testsuite name="pytest" errors="0" failures="0" skipped="0" tests="14" time="2.953" timestamp="2026-04-20T17:11:18.205080+00:00" hostname="agent-env-b9a80e95-fc39-49c3-b81e-44f305b1f29f"><testcase classname="backend.tests.test_doc_clean_confirm.TestCleanDocument" name="test_clean_returns_200_with_cleaned_text" time="0.489" /><testcase classname="backend.tests.test_doc_clean_confirm.TestCleanDocument" name="test_clean_strips_page_numbers" time="0.171" /><testcase classname="backend.tests.test_doc_clean_confirm.TestCleanDocument" name="test_clean_fixes_concatenated_scene_number" time="0.105" /><testcase classname="backend.tests.test_doc_clean_confirm.TestCleanDocument" name="test_clean_joins_more_contd" time="0.122" /><testcase classname="backend.tests.test_doc_clean_confirm.TestCleanDocument" name="test_clean_collapses_blank_lines" time="0.166" /><testcase classname="backend.tests.test_doc_clean_confirm.TestCleanDocument" name="test_clean_blank_line_before_character" time="0.121" /><testcase classname="backend.tests.test_doc_clean_confirm.TestCleanDocument" name="test_clean_404_for_unknown_doc" time="0.153" /><testcase classname="backend.tests.test_doc_clean_confirm.TestCleanAll" name="test_clean_all_returns_documents_array" time="0.230" /><testcase classname="backend.tests.test_doc_clean_confirm.TestCleanAll" name="test_clean_all_404_for_unknown_project" time="0.128" /><testcase classname="backend.tests.test_doc_clean_confirm.TestConfirmDocument" name="test_confirm_persists_cleaned_text" time="0.290" /><testcase classname="backend.tests.test_doc_clean_confirm.TestConfirmDocument" name="test_confirm_404_for_unknown_doc" time="0.122" /><testcase classname="backend.tests.test_doc_clean_confirm.TestConfirmDocument" name="test_clean_all_returns_confirmed_text_after_confirm" time="0.122" /><testcase classname="backend.tests.test_doc_clean_confirm.TestConfirmAll" name="test_confirm_all_persists_all_docs" time="0.425" /><testcase classname="backend.tests.test_doc_clean_confirm.TestConfirmAll" name="test_confirm_all_400_when_empty" time="0.259" /></testsuite></testsuites>