<?xml version="1.0" encoding="utf-8"?><testsuites name="pytest tests"><testsuite name="pytest" errors="0" failures="0" skipped="0" tests="21" time="6.848" timestamp="2026-04-20T16:30:22.197489+00:00" hostname="agent-env-b9a80e95-fc39-49c3-b81e-44f305b1f29f"><testcase classname="tests.test_document_classification.TestClassifyDocumentFunction" name="test_classify_sides_with_scene_headings" time="0.001" /><testcase classname="tests.test_document_classification.TestClassifyDocumentFunction" name="test_classify_sides_with_dialogue_pattern" time="0.000" /><testcase classname="tests.test_document_classification.TestClassifyDocumentFunction" name="test_classify_sides_with_episode_markers" time="0.000" /><testcase classname="tests.test_document_classification.TestClassifyDocumentFunction" name="test_classify_instructions_with_self_tape_keywords" time="0.000" /><testcase classname="tests.test_document_classification.TestClassifyDocumentFunction" name="test_classify_instructions_with_audition_details" time="0.000" /><testcase classname="tests.test_document_classification.TestClassifyDocumentFunction" name="test_classify_wardrobe_with_costume_keywords" time="0.000" /><testcase classname="tests.test_document_classification.TestClassifyDocumentFunction" name="test_classify_wardrobe_with_clothing_details" time="0.000" /><testcase classname="tests.test_document_classification.TestClassifyDocumentFunction" name="test_classify_unknown_for_mixed_signals" time="0.000" /><testcase classname="tests.test_document_classification.TestClassifyDocumentFunction" name="test_classify_unknown_for_short_text" time="0.000" /><testcase classname="tests.test_document_classification.TestClassifyDocumentFunction" name="test_classify_unknown_for_empty_text" time="0.000" /><testcase classname="tests.test_document_classification.TestClassifyDocumentFunction" name="test_classify_unknown_for_generic_text" time="0.000" /><testcase classname="tests.test_document_classification.TestClassifyDocumentFunction" name="test_classify_unknown_for_text_under_threshold" time="0.000" /><testcase classname="tests.test_document_classification.TestUploadAutoClassification" name="test_upload_with_unknown_type_triggers_auto_classify_sides" time="0.475" /><testcase classname="tests.test_document_classification.TestUploadAutoClassification" name="test_upload_with_unknown_type_triggers_auto_classify_instructions" time="0.387" /><testcase classname="tests.test_document_classification.TestUploadAutoClassification" name="test_upload_with_unknown_type_triggers_auto_classify_wardrobe" time="0.709" /><testcase classname="tests.test_document_classification.TestUploadAutoClassification" name="test_upload_stores_suggested_type_field" time="0.337" /><testcase classname="tests.test_document_classification.TestUploadAutoClassification" name="test_upload_with_explicit_type_skips_auto_classify" time="0.362" /><testcase classname="tests.test_document_classification.TestManualTypeOverride" name="test_manual_override_changes_type" time="0.846" /><testcase classname="tests.test_document_classification.TestManualTypeOverride" name="test_manual_override_preserves_suggested_type" time="0.421" /><testcase classname="tests.test_document_classification.TestManualTypeOverride" name="test_manual_override_all_valid_types" time="0.957" /><testcase classname="tests.test_document_classification.TestManualTypeOverride" name="test_manual_override_invalid_type_returns_400" time="0.338" /></testsuite></testsuites>