<?xml version="1.0" encoding="utf-8"?><testsuites name="pytest tests"><testsuite name="pytest" errors="0" failures="0" skipped="0" tests="19" time="7.435" timestamp="2026-04-20T03:16:00.742784+00:00" hostname="agent-env-b9a80e95-fc39-49c3-b81e-44f305b1f29f"><testcase classname="backend.tests.test_document_upload.TestDocumentUpload" name="test_upload_pasted_text_success" time="0.349" /><testcase classname="backend.tests.test_document_upload.TestDocumentUpload" name="test_upload_pasted_text_with_different_types" time="0.809" /><testcase classname="backend.tests.test_document_upload.TestDocumentUpload" name="test_upload_pasted_text_empty_fails" time="0.222" /><testcase classname="backend.tests.test_document_upload.TestDocumentUpload" name="test_upload_pasted_text_too_short_fails" time="0.221" /><testcase classname="backend.tests.test_document_upload.TestDocumentUpload" name="test_document_limit_enforced" time="0.966" /><testcase classname="backend.tests.test_document_upload.TestDocumentUpload" name="test_list_project_documents" time="0.360" /><testcase classname="backend.tests.test_document_upload.TestDocumentUpload" name="test_list_documents_nonexistent_project" time="0.209" /><testcase classname="backend.tests.test_document_upload.TestDocumentUpload" name="test_get_single_document_with_full_text" time="0.346" /><testcase classname="backend.tests.test_document_upload.TestDocumentUpload" name="test_get_document_nonexistent" time="0.284" /><testcase classname="backend.tests.test_document_upload.TestDocumentUpload" name="test_update_document_type" time="0.431" /><testcase classname="backend.tests.test_document_upload.TestDocumentUpload" name="test_update_document_type_all_valid_types" time="0.576" /><testcase classname="backend.tests.test_document_upload.TestDocumentUpload" name="test_update_document_type_invalid" time="0.422" /><testcase classname="backend.tests.test_document_upload.TestDocumentUpload" name="test_update_document_type_nonexistent" time="0.233" /><testcase classname="backend.tests.test_document_upload.TestDocumentUpload" name="test_delete_document" time="0.358" /><testcase classname="backend.tests.test_document_upload.TestDocumentUpload" name="test_delete_document_nonexistent" time="0.238" /><testcase classname="backend.tests.test_document_upload.TestDocumentUpload" name="test_upload_pdf_file" time="0.218" /><testcase classname="backend.tests.test_document_upload.TestDocumentUpload" name="test_project_document_count_updates" time="0.399" /><testcase classname="backend.tests.test_document_upload.TestDocumentUpload" name="test_full_document_crud_flow" time="0.599" /><testcase classname="backend.tests.test_document_upload.TestDocumentUploadNonexistentProject" name="test_upload_to_nonexistent_project" time="0.102" /></testsuite></testsuites>