<?xml version="1.0" encoding="utf-8"?><testsuites name="pytest tests"><testsuite name="pytest" errors="0" failures="0" skipped="0" tests="22" time="10.310" timestamp="2026-03-22T16:28:28.183276+00:00" hostname="agent-env-b9a80e95-fc39-49c3-b81e-44f305b1f29f"><testcase classname="backend.tests.test_error_handling_retry.TestAnalyzeSceneErrorHandling" name="test_empty_scene_text_returns_400" time="0.327" /><testcase classname="backend.tests.test_error_handling_retry.TestAnalyzeSceneErrorHandling" name="test_whitespace_only_scene_text_returns_400" time="0.144" /><testcase classname="backend.tests.test_error_handling_retry.TestBackendErrorCategorization" name="test_analyze_scene_endpoint_exists" time="9.746" /><testcase classname="backend.tests.test_error_handling_retry.TestBackendErrorCategorization" name="test_error_code_mapping_in_server_code" time="0.003" /><testcase classname="backend.tests.test_error_handling_retry.TestFrontendErrorClassification" name="test_error_type_mapping_in_app_js" time="0.000" /><testcase classname="backend.tests.test_error_handling_retry.TestScriptOverviewFailedSceneUI" name="test_is_failed_helper_function" time="0.000" /><testcase classname="backend.tests.test_error_handling_retry.TestScriptOverviewFailedSceneUI" name="test_failed_scene_tab_red_styling" time="0.000" /><testcase classname="backend.tests.test_error_handling_retry.TestScriptOverviewFailedSceneUI" name="test_alert_triangle_icon_for_failed_scenes" time="0.000" /><testcase classname="backend.tests.test_error_handling_retry.TestScriptOverviewFailedSceneUI" name="test_failed_scene_card_data_testid" time="0.000" /><testcase classname="backend.tests.test_error_handling_retry.TestScriptOverviewFailedSceneUI" name="test_retry_button_data_testid" time="0.000" /><testcase classname="backend.tests.test_error_handling_retry.TestScriptOverviewFailedSceneUI" name="test_error_type_badge_rendering" time="0.000" /><testcase classname="backend.tests.test_error_handling_retry.TestScriptOverviewFailedSceneUI" name="test_action_bar_hidden_for_failed_scenes" time="0.000" /><testcase classname="backend.tests.test_error_handling_retry.TestScriptOverviewFailedSceneUI" name="test_retry_scene_handler_prop" time="0.000" /><testcase classname="backend.tests.test_error_handling_retry.TestScriptOverviewFailedSceneUI" name="test_cost_summary_bar_data_testid" time="0.000" /><testcase classname="backend.tests.test_error_handling_retry.TestHandleRetrySceneFunction" name="test_handle_retry_scene_exists" time="0.000" /><testcase classname="backend.tests.test_error_handling_retry.TestHandleRetrySceneFunction" name="test_handle_retry_scene_calls_analyze_scene_api" time="0.000" /><testcase classname="backend.tests.test_error_handling_retry.TestHandleRetrySceneFunction" name="test_handle_retry_scene_updates_script_data" time="0.000" /><testcase classname="backend.tests.test_error_handling_retry.TestHandleRetrySceneFunction" name="test_on_retry_scene_passed_to_script_overview" time="0.000" /><testcase classname="backend.tests.test_error_handling_retry.TestRetryButtonFunctionality" name="test_retry_button_shows_loader_while_retrying" time="0.000" /><testcase classname="backend.tests.test_error_handling_retry.TestRetryButtonFunctionality" name="test_retry_button_shows_rotate_ccw_icon" time="0.000" /><testcase classname="backend.tests.test_error_handling_retry.TestRetryButtonFunctionality" name="test_retry_button_disabled_while_retrying" time="0.000" /><testcase classname="backend.tests.test_error_handling_retry.TestSceneTextPreview" name="test_scene_text_expandable_details" time="0.000" /></testsuite></testsuites>