<?xml version="1.0" encoding="utf-8"?><testsuites name="pytest tests"><testsuite name="pytest" errors="0" failures="0" skipped="0" tests="9" time="18.861" timestamp="2026-03-22T03:30:27.221415+00:00" hostname="agent-env-b9a80e95-fc39-49c3-b81e-44f305b1f29f"><testcase classname="backend.tests.test_extract_text_and_voices.TestExtractTextEndpoint" name="test_extract_text_from_text_pdf" time="0.184" /><testcase classname="backend.tests.test_extract_text_and_voices.TestExtractTextEndpoint" name="test_extract_text_from_image" time="1.157" /><testcase classname="backend.tests.test_extract_text_and_voices.TestExtractTextEndpoint" name="test_extract_text_empty_file_returns_400" time="0.139" /><testcase classname="backend.tests.test_extract_text_and_voices.TestExtractTextEndpoint" name="test_extract_text_unsupported_file_returns_400" time="0.217" /><testcase classname="backend.tests.test_extract_text_and_voices.TestTTSVoicesEndpoint" name="test_voices_returns_10_voices" time="0.098" /><testcase classname="backend.tests.test_extract_text_and_voices.TestTTSVoicesEndpoint" name="test_voices_have_full_metadata" time="0.113" /><testcase classname="backend.tests.test_extract_text_and_voices.TestTTSVoicesEndpoint" name="test_voices_include_expected_names" time="0.118" /><testcase classname="backend.tests.test_extract_text_and_voices.TestRegressionPasteSidesFlow" name="test_analyze_text_quick_mode" time="16.326" /><testcase classname="backend.tests.test_extract_text_and_voices.TestRegressionPasteSidesFlow" name="test_full_script_paste_only_flow" time="0.162" /></testsuite></testsuites>