<?xml version="1.0" encoding="utf-8"?><testsuites name="pytest tests"><testsuite name="pytest" errors="0" failures="0" skipped="0" tests="15" time="108.012" timestamp="2026-03-22T03:02:51.199861+00:00" hostname="agent-env-b9a80e95-fc39-49c3-b81e-44f305b1f29f"><testcase classname="backend.tests.test_full_script_mode.TestParseScenes" name="test_parse_scenes_with_standard_headers" time="0.158" /><testcase classname="backend.tests.test_full_script_mode.TestParseScenes" name="test_parse_scenes_character_detection" time="0.113" /><testcase classname="backend.tests.test_full_script_mode.TestParseScenes" name="test_parse_scenes_mike_only_in_parking" time="0.140" /><testcase classname="backend.tests.test_full_script_mode.TestParseScenes" name="test_parse_scenes_empty_text_error" time="0.156" /><testcase classname="backend.tests.test_full_script_mode.TestParseScenes" name="test_parse_scenes_empty_character_error" time="0.137" /><testcase classname="backend.tests.test_full_script_mode.TestParseScenes" name="test_parse_scenes_gpt_fallback" time="2.275" /><testcase classname="backend.tests.test_full_script_mode.TestBatchAnalyze" name="test_batch_analyze_single_scene" time="13.256" /><testcase classname="backend.tests.test_full_script_mode.TestBatchAnalyze" name="test_batch_analyze_multiple_scenes" time="29.983" /><testcase classname="backend.tests.test_full_script_mode.TestBatchAnalyze" name="test_batch_analyze_empty_scenes_error" time="0.157" /><testcase classname="backend.tests.test_full_script_mode.TestBatchAnalyze" name="test_batch_analyze_max_scenes_limit" time="0.161" /><testcase classname="backend.tests.test_full_script_mode.TestGetScript" name="test_get_script_with_breakdowns" time="16.011" /><testcase classname="backend.tests.test_full_script_mode.TestGetScript" name="test_get_script_not_found" time="0.109" /><testcase classname="backend.tests.test_full_script_mode.TestRegressionExistingFlows" name="test_analyze_text_quick_mode" time="15.172" /><testcase classname="backend.tests.test_full_script_mode.TestRegressionExistingFlows" name="test_analyze_text_deep_mode" time="29.824" /><testcase classname="backend.tests.test_full_script_mode.TestRegressionExistingFlows" name="test_get_breakdowns_list" time="0.218" /></testsuite></testsuites>