<?xml version="1.0" encoding="utf-8"?><testsuites name="pytest tests"><testsuite name="pytest" errors="0" failures="0" skipped="0" tests="9" time="75.836" timestamp="2026-03-21T14:32:33.927484+00:00" hostname="agent-env-b9a80e95-fc39-49c3-b81e-44f305b1f29f"><testcase classname="backend.tests.test_guided_upload_memorization.TestAPIHealth" name="test_api_root" time="0.246" /><testcase classname="backend.tests.test_guided_upload_memorization.TestAnalyzeTextEndpoint" name="test_analyze_text_quick_mode" time="19.113" /><testcase classname="backend.tests.test_guided_upload_memorization.TestAnalyzeTextEndpoint" name="test_analyze_text_deep_mode" time="40.534" /><testcase classname="backend.tests.test_guided_upload_memorization.TestBreakdownsEndpoint" name="test_get_breakdowns_list" time="0.234" /><testcase classname="backend.tests.test_guided_upload_memorization.TestBreakdownsEndpoint" name="test_get_single_breakdown" time="0.284" /><testcase classname="backend.tests.test_guided_upload_memorization.TestMemorizationData" name="test_memorization_cue_recall_format" time="0.157" /><testcase classname="backend.tests.test_guided_upload_memorization.TestMemorizationData" name="test_memorization_chunked_lines_format" time="0.303" /><testcase classname="backend.tests.test_guided_upload_memorization.TestRegressionEndpoints" name="test_tts_status" time="0.142" /><testcase classname="backend.tests.test_guided_upload_memorization.TestRegressionEndpoints" name="test_analyze_text_default_mode" time="14.696" /></testsuite></testsuites>