<?xml version="1.0" encoding="utf-8"?><testsuites name="pytest tests"><testsuite name="pytest" errors="0" failures="0" skipped="0" tests="8" time="2.205" timestamp="2026-04-21T13:08:08.653887+00:00" hostname="agent-env-b9a80e95-fc39-49c3-b81e-44f305b1f29f"><testcase classname="backend.tests.test_line_review.TestReviewedLinesSaveAndGet" name="test_save_then_get_roundtrip" time="0.477" /><testcase classname="backend.tests.test_line_review.TestReviewedLinesSaveAndGet" name="test_get_returns_null_when_not_saved" time="0.231" /><testcase classname="backend.tests.test_line_review.TestReviewedLinesSaveAndGet" name="test_empty_line_text_pairs_are_stripped" time="0.313" /><testcase classname="backend.tests.test_line_review.TestReviewedLinesSaveAndGet" name="test_empty_scenes_are_stripped" time="0.303" /><testcase classname="backend.tests.test_line_review.TestReviewedLinesSaveAndGet" name="test_put_unknown_project_returns_404" time="0.085" /><testcase classname="backend.tests.test_line_review.TestReviewedLinesSaveAndGet" name="test_get_unknown_project_returns_404" time="0.071" /><testcase classname="backend.tests.test_line_review.TestReviewedLinesSaveAndGet" name="test_put_no_scenes_returns_400" time="0.210" /><testcase classname="backend.tests.test_line_review.TestReviewedLinesSaveAndGet" name="test_update_overwrites_previous" time="0.365" /></testsuite></testsuites>