<?xml version="1.0" encoding="utf-8"?><testsuites name="pytest tests"><testsuite name="pytest" errors="0" failures="1" skipped="0" tests="9" time="224.115" timestamp="2026-04-21T12:22:04.435292+00:00" hostname="agent-env-b9a80e95-fc39-49c3-b81e-44f305b1f29f"><testcase classname="backend.tests.test_line_extraction" name="test_health" time="0.194" /><testcase classname="backend.tests.test_line_extraction" name="test_404_unknown_project" time="0.106" /><testcase classname="backend.tests.test_line_extraction" name="test_400_no_character" time="31.859" /><testcase classname="backend.tests.test_line_extraction" name="test_400_no_confirmed_docs" time="0.210" /><testcase classname="backend.tests.test_line_extraction" name="test_multi_scene_extraction_sarah" time="32.078"><failure message="assert 4 &gt;= 5">backend/tests/test_line_extraction.py:188: in test_multi_scene_extraction_sarah
    assert data["total_lines"] &gt;= 5  # SARAH has 6 dialogue blocks
    ^^^^^^^^^^^^^^^^^^^^^^^^^^^^^^^
E   assert 4 &gt;= 5</failure></testcase><testcase classname="backend.tests.test_line_extraction" name="test_first_line_cue_when_character_speaks_first" time="31.927" /><testcase classname="backend.tests.test_line_extraction" name="test_single_scene_full_script" time="31.982" /><testcase classname="backend.tests.test_line_extraction" name="test_multi_document_combined" time="63.684" /><testcase classname="backend.tests.test_line_extraction" name="test_full_text_field_returned" time="31.985" /></testsuite></testsuites>