<?xml version="1.0" encoding="utf-8"?><testsuites name="pytest tests"><testsuite name="pytest" errors="0" failures="0" skipped="0" tests="8" time="176.221" timestamp="2026-03-21T23:02:56.338549+00:00" hostname="agent-env-b9a80e95-fc39-49c3-b81e-44f305b1f29f"><testcase classname="backend.tests.test_multipage_ocr_and_prompts.TestDebugPipeline" name="test_debug_pipeline_all_ok" time="0.932" /><testcase classname="backend.tests.test_multipage_ocr_and_prompts.TestMultiPageScannedPDF" name="test_multipage_scanned_pdf_ocr" time="36.119" /><testcase classname="backend.tests.test_multipage_ocr_and_prompts.TestMultiPageScannedPDF" name="test_single_page_scanned_pdf_still_works" time="28.184" /><testcase classname="backend.tests.test_multipage_ocr_and_prompts.TestMultiPageScannedPDF" name="test_text_based_pdf_fast_path" time="26.235" /><testcase classname="backend.tests.test_multipage_ocr_and_prompts.TestPromptQuality" name="test_deep_mode_antagonist_no_therapy_language" time="51.069" /><testcase classname="backend.tests.test_multipage_ocr_and_prompts.TestPromptQuality" name="test_quick_mode_tactic_based_beats" time="24.853" /><testcase classname="backend.tests.test_multipage_ocr_and_prompts.TestRegressions" name="test_get_breakdowns_list" time="0.208" /><testcase classname="backend.tests.test_multipage_ocr_and_prompts.TestRegressions" name="test_jpeg_image_still_works" time="8.574" /></testsuite></testsuites>