<?xml version="1.0" encoding="utf-8"?><testsuites name="pytest tests"><testsuite name="pytest" errors="0" failures="0" skipped="0" tests="7" time="20.383" timestamp="2026-03-21T15:14:04.583040+00:00" hostname="agent-env-b9a80e95-fc39-49c3-b81e-44f305b1f29f"><testcase classname="backend.tests.test_mylines_memorization.TestAPIHealth" name="test_api_root" time="0.266" /><testcase classname="backend.tests.test_mylines_memorization.TestBreakdownsAPI" name="test_get_breakdowns_list" time="0.217" /><testcase classname="backend.tests.test_mylines_memorization.TestBreakdownsAPI" name="test_breakdown_has_memorization_data" time="0.345" /><testcase classname="backend.tests.test_mylines_memorization.TestAnalyzeTextAPI" name="test_analyze_text_quick_mode" time="18.721" /><testcase classname="backend.tests.test_mylines_memorization.TestMemorizationDataStructure" name="test_cue_recall_format" time="0.292" /><testcase classname="backend.tests.test_mylines_memorization.TestMemorizationDataStructure" name="test_chunked_lines_format" time="0.299" /><testcase classname="backend.tests.test_mylines_memorization.TestTTSStatus" name="test_tts_status" time="0.146" /></testsuite></testsuites>