<?xml version="1.0" encoding="utf-8"?><testsuites name="pytest tests"><testsuite name="pytest" errors="0" failures="0" skipped="0" tests="11" time="2.565" timestamp="2026-03-22T19:42:58.246696+00:00" hostname="agent-env-b9a80e95-fc39-49c3-b81e-44f305b1f29f"><testcase classname="backend.tests.test_parallel_batch_processing.TestBackendConcurrency" name="test_api_root_accessible" time="0.183" /><testcase classname="backend.tests.test_parallel_batch_processing.TestBackendConcurrency" name="test_scripts_create_endpoint" time="0.122" /><testcase classname="backend.tests.test_parallel_batch_processing.TestBackendConcurrency" name="test_single_scene_analysis" time="0.265" /><testcase classname="backend.tests.test_parallel_batch_processing.TestBackendConcurrency" name="test_concurrent_scene_analysis_3_simultaneous" time="0.334" /><testcase classname="backend.tests.test_parallel_batch_processing.TestBackendConcurrency" name="test_scene_response_structure" time="0.274" /><testcase classname="backend.tests.test_parallel_batch_processing.TestBackendConcurrency" name="test_cache_hit_on_duplicate_scene" time="0.359" /><testcase classname="backend.tests.test_parallel_batch_processing.TestBackendConcurrency" name="test_prep_mode_and_project_type_in_concurrent" time="0.390" /><testcase classname="backend.tests.test_parallel_batch_processing.TestErrorHandling" name="test_empty_text_returns_400" time="0.210" /><testcase classname="backend.tests.test_parallel_batch_processing.TestErrorHandling" name="test_error_response_structure" time="0.163" /><testcase classname="backend.tests.test_parallel_batch_processing.TestCacheIntegration" name="test_check_cache_endpoint" time="0.106" /><testcase classname="backend.tests.test_parallel_batch_processing.TestCacheIntegration" name="test_batch_check_cache_endpoint" time="0.109" /></testsuite></testsuites>