<?xml version="1.0" encoding="utf-8"?><testsuites name="pytest tests"><testsuite name="pytest" errors="0" failures="0" skipped="0" tests="10" time="116.114" timestamp="2026-03-22T03:50:44.431461+00:00" hostname="agent-env-b9a80e95-fc39-49c3-b81e-44f305b1f29f"><testcase classname="backend.tests.test_per_scene_analysis.TestScriptsCreateEndpoint" name="test_create_script_returns_script_id" time="0.153" /><testcase classname="backend.tests.test_per_scene_analysis.TestScriptsCreateEndpoint" name="test_create_script_with_deep_mode" time="0.101" /><testcase classname="backend.tests.test_per_scene_analysis.TestAnalyzeSceneEndpoint" name="test_analyze_single_scene_quick_mode" time="19.739" /><testcase classname="backend.tests.test_per_scene_analysis.TestAnalyzeSceneEndpoint" name="test_analyze_single_scene_deep_mode_within_timeout" time="28.743" /><testcase classname="backend.tests.test_per_scene_analysis.TestAnalyzeSceneEndpoint" name="test_analyze_scene_empty_text_returns_400" time="0.247" /><testcase classname="backend.tests.test_per_scene_analysis.TestGetScriptEndpoint" name="test_get_script_with_breakdowns" time="19.944" /><testcase classname="backend.tests.test_per_scene_analysis.TestGetScriptEndpoint" name="test_get_nonexistent_script_returns_404" time="0.145" /><testcase classname="backend.tests.test_per_scene_analysis.TestRegressionSingleSceneAnalysis" name="test_analyze_text_quick_mode_still_works" time="17.009" /><testcase classname="backend.tests.test_per_scene_analysis.TestRegressionSingleSceneAnalysis" name="test_analyze_text_deep_mode_still_works" time="29.773" /><testcase classname="backend.tests.test_per_scene_analysis.TestRegressionFullScriptQuickMode" name="test_parse_scenes_still_works" time="0.159" /></testsuite></testsuites>