<?xml version="1.0" encoding="utf-8"?><testsuites name="pytest tests"><testsuite name="pytest" errors="0" failures="0" skipped="0" tests="15" time="178.854" timestamp="2026-03-22T04:41:50.878176+00:00" hostname="agent-env-b9a80e95-fc39-49c3-b81e-44f305b1f29f"><testcase classname="backend.tests.test_prep_mode_features.TestPrepModeAndProjectType" name="test_analyze_scene_with_audition_prep_mode" time="11.844" /><testcase classname="backend.tests.test_prep_mode_features.TestPrepModeAndProjectType" name="test_analyze_scene_with_booked_prep_mode" time="12.131" /><testcase classname="backend.tests.test_prep_mode_features.TestPrepModeAndProjectType" name="test_analyze_scene_with_silent_prep_mode" time="15.923" /><testcase classname="backend.tests.test_prep_mode_features.TestPrepModeAndProjectType" name="test_analyze_scene_with_study_prep_mode" time="10.343" /><testcase classname="backend.tests.test_prep_mode_features.TestPrepModeAndProjectType" name="test_analyze_scene_without_prep_mode" time="9.604" /><testcase classname="backend.tests.test_prep_mode_features.TestProjectTypeOptions" name="test_project_type_commercial" time="11.014" /><testcase classname="backend.tests.test_prep_mode_features.TestProjectTypeOptions" name="test_project_type_tvfilm" time="11.256" /><testcase classname="backend.tests.test_prep_mode_features.TestProjectTypeOptions" name="test_project_type_theatre" time="11.762" /><testcase classname="backend.tests.test_prep_mode_features.TestProjectTypeOptions" name="test_project_type_voiceover" time="12.196" /><testcase classname="backend.tests.test_prep_mode_features.TestRegressionSingleSceneFlow" name="test_analyze_text_quick_mode" time="10.287" /><testcase classname="backend.tests.test_prep_mode_features.TestRegressionSingleSceneFlow" name="test_analyze_text_deep_mode" time="29.889" /><testcase classname="backend.tests.test_prep_mode_features.TestRegressionFullScriptFlow" name="test_parse_scenes_endpoint" time="0.181" /><testcase classname="backend.tests.test_prep_mode_features.TestRegressionFullScriptFlow" name="test_scripts_create_endpoint" time="0.115" /><testcase classname="backend.tests.test_prep_mode_features.TestRegressionFullScriptFlow" name="test_full_script_quick_mode_e2e" time="17.142" /><testcase classname="backend.tests.test_prep_mode_features.TestBreakdownStructure" name="test_breakdown_has_memorization_for_action_bar" time="15.062" /></testsuite></testsuites>