<?xml version="1.0" encoding="utf-8"?><testsuites name="pytest tests"><testsuite name="pytest" errors="0" failures="0" skipped="0" tests="5" time="26.272" timestamp="2026-04-24T00:51:04.215890+00:00" hostname="agent-env-b9a80e95-fc39-49c3-b81e-44f305b1f29f"><testcase classname="backend.tests.test_prep_generation.TestPrepErrorCases" name="test_unknown_project_returns_404" time="0.164" /><testcase classname="backend.tests.test_prep_generation.TestPrepErrorCases" name="test_no_character_returns_400" time="0.170" /><testcase classname="backend.tests.test_prep_generation.TestPrepErrorCases" name="test_no_confirmed_docs_returns_400" time="0.200" /><testcase classname="backend.tests.test_prep_generation.TestPrepHappyPath" name="test_generate_and_cache_and_force" time="16.978" /><testcase classname="backend.tests.test_prep_generation.TestCharacterChangeInvalidation" name="test_character_change_clears_prep_and_coach_caches" time="8.696" /></testsuite></testsuites>