<?xml version="1.0" encoding="utf-8"?><testsuites name="pytest tests"><testsuite name="pytest" errors="0" failures="0" skipped="0" tests="12" time="4.170" timestamp="2026-04-20T02:42:20.259530+00:00" hostname="agent-env-b9a80e95-fc39-49c3-b81e-44f305b1f29f"><testcase classname="backend.tests.test_project_crud.TestProjectCRUD" name="test_create_audition_project" time="0.244" /><testcase classname="backend.tests.test_project_crud.TestProjectCRUD" name="test_create_booked_project" time="0.258" /><testcase classname="backend.tests.test_project_crud.TestProjectCRUD" name="test_create_project_minimal" time="0.218" /><testcase classname="backend.tests.test_project_crud.TestProjectCRUD" name="test_list_projects" time="0.714" /><testcase classname="backend.tests.test_project_crud.TestProjectCRUD" name="test_get_single_project" time="0.331" /><testcase classname="backend.tests.test_project_crud.TestProjectCRUD" name="test_get_project_not_found" time="0.132" /><testcase classname="backend.tests.test_project_crud.TestProjectCRUD" name="test_update_project" time="0.567" /><testcase classname="backend.tests.test_project_crud.TestProjectCRUD" name="test_update_project_not_found" time="0.119" /><testcase classname="backend.tests.test_project_crud.TestProjectCRUD" name="test_update_project_no_fields" time="0.345" /><testcase classname="backend.tests.test_project_crud.TestProjectCRUD" name="test_delete_project" time="0.344" /><testcase classname="backend.tests.test_project_crud.TestProjectCRUD" name="test_delete_project_not_found" time="0.106" /><testcase classname="backend.tests.test_project_crud.TestProjectCRUD" name="test_create_and_verify_persistence" time="0.739" /></testsuite></testsuites>