<?xml version="1.0" encoding="utf-8"?><testsuites name="pytest tests"><testsuite name="pytest" errors="0" failures="2" skipped="0" tests="14" time="80.974" timestamp="2026-03-21T00:55:03.481764+00:00" hostname="agent-env-b9a80e95-fc39-49c3-b81e-44f305b1f29f"><testcase classname="backend.tests.test_pipeline_debug.TestDebugPipeline" name="test_debug_pipeline_returns_all_stages" time="1.256" /><testcase classname="backend.tests.test_pipeline_debug.TestDebugPipeline" name="test_debug_pipeline_all_stages_pass" time="0.808" /><testcase classname="backend.tests.test_pipeline_debug.TestAnalyzeText" name="test_analyze_text_success_with_debug" time="22.270" /><testcase classname="backend.tests.test_pipeline_debug.TestAnalyzeText" name="test_analyze_text_stages_include_required" time="0.507"><failure message="AssertionError: Stage gpt_analysis not ok&#10;assert False == True&#10; +  where False = &lt;built-in method get of dict object at 0xfbc4788b2c40&gt;('ok')&#10; +    where &lt;built-in method get of dict object at 0xfbc4788b2c40&gt; = {'error': 'STAGE:gpt_call | GPT request failed: Failed to generate chat completion: litellm.BadRequestError: OpenAIException - Budget has been exceeded! Current cost: 1.41452395, Max budget: 1.4', 'ok': False, 'stage': 'gpt_analysis'}.get">backend/tests/test_pipeline_debug.py:85: in test_analyze_text_stages_include_required
    assert stage_dict[stage_name].get("ok") == True, f"Stage {stage_name} not ok"
E   AssertionError: Stage gpt_analysis not ok
E   assert False == True
E    +  where False = &lt;built-in method get of dict object at 0xfbc4788b2c40&gt;('ok')
E    +    where &lt;built-in method get of dict object at 0xfbc4788b2c40&gt; = {'error': 'STAGE:gpt_call | GPT request failed: Failed to generate chat completion: litellm.BadRequestError: OpenAIException - Budget has been exceeded! Current cost: 1.41452395, Max budget: 1.4', 'ok': False, 'stage': 'gpt_analysis'}.get</failure></testcase><testcase classname="backend.tests.test_pipeline_debug.TestAnalyzeText" name="test_analyze_text_empty_returns_400" time="0.138" /><testcase classname="backend.tests.test_pipeline_debug.TestAnalyzeText" name="test_analyze_text_too_short_returns_400" time="0.114" /><testcase classname="backend.tests.test_pipeline_debug.TestAnalyzeImage" name="test_analyze_image_jpeg_success" time="0.317"><failure message="AssertionError: assert True == False&#10; +  where True = &lt;built-in method get of dict object at 0xfbc478c5e580&gt;('fallback')&#10; +    where &lt;built-in method get of dict object at 0xfbc478c5e580&gt; = {'fallback': True, 'reason': 'STAGE:gpt_call | GPT request failed: Failed to generate chat completion: litellm.BadRequestError: OpenAIException - Budget has been exceeded! Current cost: 1.41452395, Max budget: 1.4', 'stages': [{'bytes': 10467, 'content_type': 'image/jpeg', 'name': 'test_sides.jpg', 'ok': True, ...}, {'detected': 'image', 'ok': True, 'stage': 'type_detection'}, {'jpeg_kb': 5.9, 'ok': True, 'stage': 'image_convert'}, {'error': 'STAGE:gpt_call | GPT request failed: Failed to generate chat completion: litellm.BadRequestError: OpenAIException - Budget has been exceeded! Current cost: 1.41452395, Max budget: 1.4', 'ok': False, 'stage': 'gpt_vision'}]}.get">backend/tests/test_pipeline_debug.py:116: in test_analyze_image_jpeg_success
    assert debug.get("fallback") == False
E   AssertionError: assert True == False
E    +  where True = &lt;built-in method get of dict object at 0xfbc478c5e580&gt;('fallback')
E    +    where &lt;built-in method get of dict object at 0xfbc478c5e580&gt; = {'fallback': True, 'reason': 'STAGE:gpt_call | GPT request failed: Failed to generate chat completion: litellm.BadRequestError: OpenAIException - Budget has been exceeded! Current cost: 1.41452395, Max budget: 1.4', 'stages': [{'bytes': 10467, 'content_type': 'image/jpeg', 'name': 'test_sides.jpg', 'ok': True, ...}, {'detected': 'image', 'ok': True, 'stage': 'type_detection'}, {'jpeg_kb': 5.9, 'ok': True, 'stage': 'image_convert'}, {'error': 'STAGE:gpt_call | GPT request failed: Failed to generate chat completion: litellm.BadRequestError: OpenAIException - Budget has been exceeded! Current cost: 1.41452395, Max budget: 1.4', 'ok': False, 'stage': 'gpt_vision'}]}.get</failure></testcase><testcase classname="backend.tests.test_pipeline_debug.TestAnalyzeImage" name="test_analyze_image_pdf_success" time="20.285" /><testcase classname="backend.tests.test_pipeline_debug.TestAnalyzeImage" name="test_analyze_image_octet_stream_ios_edge_case" time="20.463" /><testcase classname="backend.tests.test_pipeline_debug.TestAnalyzeImage" name="test_analyze_image_empty_file_returns_400" time="0.190" /><testcase classname="backend.tests.test_pipeline_debug.TestAnalyzeImage" name="test_analyze_image_unsupported_file_returns_fallback" time="0.264" /><testcase classname="backend.tests.test_pipeline_debug.TestBreakdowns" name="test_list_breakdowns" time="0.142" /><testcase classname="backend.tests.test_pipeline_debug.TestRegenerateTakes" name="test_regenerate_takes_success" time="13.901" /><testcase classname="backend.tests.test_pipeline_debug.TestRegenerateTakes" name="test_regenerate_takes_not_found" time="0.225" /></testsuite></testsuites>