<?xml version="1.0" encoding="utf-8"?><testsuites name="pytest tests"><testsuite name="pytest" errors="0" failures="0" skipped="0" tests="7" time="136.268" timestamp="2026-03-21T01:43:06.733877+00:00" hostname="agent-env-b9a80e95-fc39-49c3-b81e-44f305b1f29f"><testcase classname="backend.tests.test_quick_deep_mode.TestQuickDeepModeAPI" name="test_api_health" time="0.221" /><testcase classname="backend.tests.test_quick_deep_mode.TestQuickDeepModeAPI" name="test_analyze_text_quick_mode_explicit" time="20.717" /><testcase classname="backend.tests.test_quick_deep_mode.TestQuickDeepModeAPI" name="test_analyze_text_deep_mode" time="40.917" /><testcase classname="backend.tests.test_quick_deep_mode.TestQuickDeepModeAPI" name="test_analyze_text_default_mode_is_quick" time="18.224" /><testcase classname="backend.tests.test_quick_deep_mode.TestQuickDeepModeAPI" name="test_breakdowns_list" time="2.227" /><testcase classname="backend.tests.test_quick_deep_mode.TestQuickDeepModeImageAPI" name="test_analyze_image_quick_mode" time="17.762" /><testcase classname="backend.tests.test_quick_deep_mode.TestQuickDeepModeImageAPI" name="test_analyze_image_deep_mode" time="36.131" /></testsuite></testsuites>