<?xml version="1.0" encoding="utf-8"?><testsuites name="pytest tests"><testsuite name="pytest" errors="0" failures="0" skipped="0" tests="6" time="10.708" timestamp="2026-04-22T00:26:04.535370+00:00" hostname="agent-env-b9a80e95-fc39-49c3-b81e-44f305b1f29f"><testcase classname="backend.tests.test_quick_coach.TestCacheHit" name="test_cache_returns_immediately" time="0.187" /><testcase classname="backend.tests.test_quick_coach.TestCacheHit" name="test_cache_returns_same_data_on_repeat" time="0.107" /><testcase classname="backend.tests.test_quick_coach.TestErrorCases" name="test_404_for_unknown_project" time="0.051" /><testcase classname="backend.tests.test_quick_coach.TestErrorCases" name="test_400_when_no_character_selected" time="0.148" /><testcase classname="backend.tests.test_quick_coach.TestForceRegenerate" name="test_force_true_calls_gpt_and_updates_cache" time="10.052" /><testcase classname="backend.tests.test_quick_coach.TestForceRegenerate" name="test_subsequent_call_returns_new_cached_value" time="0.054" /></testsuite></testsuites>