<?xml version="1.0" encoding="utf-8"?><testsuites name="pytest tests"><testsuite name="pytest" errors="0" failures="0" skipped="0" tests="6" time="100.245" timestamp="2026-03-21T19:56:22.533805+00:00" hostname="agent-env-b9a80e95-fc39-49c3-b81e-44f305b1f29f"><testcase classname="backend.tests.test_scanned_pdf_fix.TestDebugPipeline" name="test_debug_pipeline_all_ok" time="3.789" /><testcase classname="backend.tests.test_scanned_pdf_fix.TestScannedPDFUpload" name="test_scanned_pdf_upload_succeeds" time="24.883" /><testcase classname="backend.tests.test_scanned_pdf_fix.TestTextBasedPDFUpload" name="test_text_pdf_uses_fast_path" time="19.182" /><testcase classname="backend.tests.test_scanned_pdf_fix.TestJPEGUpload" name="test_jpeg_upload_succeeds" time="18.112" /><testcase classname="backend.tests.test_scanned_pdf_fix.TestOctetStreamMIME" name="test_octet_stream_jpeg_detected" time="16.576" /><testcase classname="backend.tests.test_scanned_pdf_fix.TestTextAnalysis" name="test_text_analysis_quick_mode" time="17.534" /></testsuite></testsuites>