<?xml version="1.0" encoding="utf-8"?><testsuites name="pytest tests"><testsuite name="pytest" errors="0" failures="0" skipped="0" tests="7" time="2.839" timestamp="2026-03-22T00:48:59.105988+00:00" hostname="agent-env-b9a80e95-fc39-49c3-b81e-44f305b1f29f"><testcase classname="backend.tests.test_scene_reader_tts.TestTTSEndpoint" name="test_tts_status_endpoint" time="0.118" /><testcase classname="backend.tests.test_scene_reader_tts.TestTTSEndpoint" name="test_tts_generate_success" time="1.015" /><testcase classname="backend.tests.test_scene_reader_tts.TestTTSEndpoint" name="test_tts_generate_empty_text_fails" time="0.115" /><testcase classname="backend.tests.test_scene_reader_tts.TestTTSEndpoint" name="test_tts_generate_whitespace_only_fails" time="0.121" /><testcase classname="backend.tests.test_scene_reader_tts.TestTTSEndpoint" name="test_tts_generate_with_custom_voice_id" time="1.025" /><testcase classname="backend.tests.test_scene_reader_tts.TestTTSEndpoint" name="test_tts_voices_endpoint" time="0.140" /><testcase classname="backend.tests.test_scene_reader_tts.TestBreakdownsForSceneReader" name="test_breakdown_has_memorization_data" time="0.257" /></testsuite></testsuites>