<?xml version="1.0" encoding="utf-8"?><testsuites name="pytest tests"><testsuite name="pytest" errors="0" failures="0" skipped="0" tests="13" time="2.726" timestamp="2026-03-23T00:21:01.646267+00:00" hostname="agent-env-b9a80e95-fc39-49c3-b81e-44f305b1f29f"><testcase classname="backend.tests.test_script_persistence.TestScriptPersistence" name="test_api_root_accessible" time="0.229" /><testcase classname="backend.tests.test_script_persistence.TestScriptPersistence" name="test_list_scripts_endpoint" time="0.128" /><testcase classname="backend.tests.test_script_persistence.TestScriptPersistence" name="test_list_scripts_has_required_fields" time="0.120" /><testcase classname="backend.tests.test_script_persistence.TestScriptPersistence" name="test_list_scripts_has_prep_mode_and_project_type" time="0.191" /><testcase classname="backend.tests.test_script_persistence.TestScriptPersistence" name="test_get_script_by_id_with_breakdowns" time="0.233" /><testcase classname="backend.tests.test_script_persistence.TestScriptPersistence" name="test_script_breakdowns_have_full_data" time="0.221" /><testcase classname="backend.tests.test_script_persistence.TestScriptPersistence" name="test_get_nonexistent_script_returns_404" time="0.112" /><testcase classname="backend.tests.test_script_persistence.TestScriptPersistence" name="test_create_script_with_prep_mode_and_project_type" time="0.180" /><testcase classname="backend.tests.test_script_persistence.TestScriptPersistence" name="test_create_script_with_booked_prep_mode" time="0.209" /><testcase classname="backend.tests.test_script_persistence.TestScriptPersistence" name="test_create_script_with_vertical_project_type" time="0.171" /><testcase classname="backend.tests.test_script_persistence.TestScriptPersistence" name="test_script_load_does_not_trigger_analysis" time="0.202" /><testcase classname="backend.tests.test_script_persistence.TestScriptListMetadata" name="test_breakdown_count_matches_actual" time="0.242" /><testcase classname="backend.tests.test_script_persistence.TestCostSafetyNoAutoReanalysis" name="test_multiple_loads_same_result" time="0.337" /></testsuite></testsuites>