<?xml version="1.0" encoding="utf-8"?><testsuites name="pytest tests"><testsuite name="pytest" errors="0" failures="0" skipped="0" tests="17" time="3.162" timestamp="2026-04-06T23:41:23.894783+00:00" hostname="agent-env-b9a80e95-fc39-49c3-b81e-44f305b1f29f"><testcase classname="backend.tests.test_script_cleaning.TestCleanTextEndpoint" name="test_clean_text_basic" time="0.219" /><testcase classname="backend.tests.test_script_cleaning.TestCleanTextEndpoint" name="test_clean_text_more_contd_join" time="0.129" /><testcase classname="backend.tests.test_script_cleaning.TestCleanTextEndpoint" name="test_clean_text_scene_number_prefix" time="0.106" /><testcase classname="backend.tests.test_script_cleaning.TestCleanTextEndpoint" name="test_clean_text_blank_lines_before_character" time="0.130" /><testcase classname="backend.tests.test_script_cleaning.TestCleanTextEndpoint" name="test_clean_text_empty_input" time="0.122" /><testcase classname="backend.tests.test_script_cleaning.TestCleanScriptEndpoint" name="test_clean_script_booked" time="0.213" /><testcase classname="backend.tests.test_script_cleaning.TestCleanScriptEndpoint" name="test_clean_script_sorted_by_scene_number" time="0.191" /><testcase classname="backend.tests.test_script_cleaning.TestCleanScriptEndpoint" name="test_clean_script_older" time="0.151" /><testcase classname="backend.tests.test_script_cleaning.TestCleanScriptEndpoint" name="test_clean_script_not_found" time="0.115" /><testcase classname="backend.tests.test_script_cleaning.TestSaveCleanedScriptEndpoint" name="test_save_cleaned_script_basic" time="0.236" /><testcase classname="backend.tests.test_script_cleaning.TestSaveCleanedScriptEndpoint" name="test_save_cleaned_script_empty_scenes" time="0.106" /><testcase classname="backend.tests.test_script_cleaning.TestSaveCleanedTextEndpoint" name="test_save_cleaned_text_single" time="0.407" /><testcase classname="backend.tests.test_script_cleaning.TestSaveCleanedTextEndpoint" name="test_save_cleaned_text_not_found" time="0.107" /><testcase classname="backend.tests.test_script_cleaning.TestGetScriptUsesCleanedText" name="test_get_script_uses_cleaned_text" time="0.419" /><testcase classname="backend.tests.test_script_cleaning.TestGetScriptUsesCleanedText" name="test_get_script_fallback_to_original" time="0.139" /><testcase classname="backend.tests.test_script_cleaning.TestCleanScriptTextFunction" name="test_multiple_blank_lines_collapsed" time="0.107" /><testcase classname="backend.tests.test_script_cleaning.TestCleanScriptTextFunction" name="test_leading_trailing_blanks_stripped" time="0.110" /></testsuite></testsuites>