<?xml version="1.0" encoding="utf-8"?><testsuites name="pytest tests"><testsuite name="pytest" errors="0" failures="0" skipped="0" tests="9" time="19.796" timestamp="2026-03-22T19:01:30.279216+00:00" hostname="agent-env-b9a80e95-fc39-49c3-b81e-44f305b1f29f"><testcase classname="backend.tests.test_vertical_project_type.TestParseScenesByEpisodeMarkers" name="test_parse_scenes_with_episode_markers" time="0.192" /><testcase classname="backend.tests.test_vertical_project_type.TestParseScenesByEpisodeMarkers" name="test_parse_scenes_with_ep_markers" time="0.143" /><testcase classname="backend.tests.test_vertical_project_type.TestParseScenesByEpisodeMarkers" name="test_parse_scenes_with_ep_dot_markers" time="0.140" /><testcase classname="backend.tests.test_vertical_project_type.TestParseScenesByEpisodeMarkers" name="test_parse_scenes_with_chapter_markers" time="0.124" /><testcase classname="backend.tests.test_vertical_project_type.TestParseScenesByEpisodeMarkers" name="test_int_ext_takes_priority_over_episode" time="0.178" /><testcase classname="backend.tests.test_vertical_project_type.TestVerticalProjectTypeAnalysis" name="test_analyze_scene_accepts_vertical_project_type" time="17.677" /><testcase classname="backend.tests.test_vertical_project_type.TestVerticalProjectTypeAnalysis" name="test_vertical_project_type_in_request_model" time="0.768" /><testcase classname="backend.tests.test_vertical_project_type.TestAPIHealth" name="test_api_root" time="0.108" /><testcase classname="backend.tests.test_vertical_project_type.TestAPIHealth" name="test_debug_pipeline" time="0.397" /></testsuite></testsuites>